Build started 10/30/2023 9:07:10 AM.
     1>Project "c:\Users\ss\documents\visual studio 2010\Projects\234101064_digit_recognition\234101064_digit_recognition\234101064_digit_recognition.vcxproj" on node 2 (build target(s)).
     1>InitializeBuildStatus:
         Creating "Debug\234101064_digit_recognition.unsuccessfulbuild" because "AlwaysCreate" was specified.
       ClCompile:
         All outputs are up-to-date.
         C:\Program Files (x86)\Microsoft Visual Studio 10.0\VC\bin\CL.exe /c /ZI /nologo /W3 /WX- /Od /Oy- /D WIN32 /D _DEBUG /D _CONSOLE /D _UNICODE /D UNICODE /Gm /EHsc /RTC1 /MDd /GS /fp:precise /Zc:wchar_t /Zc:forScope /Yu"StdAfx.h" /Fp"Debug\234101064_digit_recognition.pch" /Fo"Debug\\" /Fd"Debug\vc100.pdb" /Gd /TP /analyze- /errorReport:prompt 234101064_digit_recognition.cpp
         234101064_digit_recognition.cpp
     1>c:\users\ss\documents\visual studio 2010\projects\234101064_digit_recognition\234101064_digit_recognition\234101064_digit_recognition.cpp(299): warning C4101: 'index' : unreferenced local variable
     1>c:\users\ss\documents\visual studio 2010\projects\234101064_digit_recognition\234101064_digit_recognition\234101064_digit_recognition.cpp(392): warning C4101: 'j' : unreferenced local variable
     1>c:\users\ss\documents\visual studio 2010\projects\234101064_digit_recognition\234101064_digit_recognition\234101064_digit_recognition.cpp(559): warning C4996: 'sprintf': This function or variable may be unsafe. Consider using sprintf_s instead. To disable deprecation, use _CRT_SECURE_NO_WARNINGS. See online help for details.
                 c:\program files (x86)\microsoft visual studio 10.0\vc\include\stdio.h(371) : see declaration of 'sprintf'
     1>c:\users\ss\documents\visual studio 2010\projects\234101064_digit_recognition\234101064_digit_recognition\234101064_digit_recognition.cpp(562): warning C4996: 'sprintf': This function or variable may be unsafe. Consider using sprintf_s instead. To disable deprecation, use _CRT_SECURE_NO_WARNINGS. See online help for details.
                 c:\program files (x86)\microsoft visual studio 10.0\vc\include\stdio.h(371) : see declaration of 'sprintf'
     1>c:\users\ss\documents\visual studio 2010\projects\234101064_digit_recognition\234101064_digit_recognition\234101064_digit_recognition.cpp(565): warning C4996: 'sprintf': This function or variable may be unsafe. Consider using sprintf_s instead. To disable deprecation, use _CRT_SECURE_NO_WARNINGS. See online help for details.
                 c:\program files (x86)\microsoft visual studio 10.0\vc\include\stdio.h(371) : see declaration of 'sprintf'
     1>c:\users\ss\documents\visual studio 2010\projects\234101064_digit_recognition\234101064_digit_recognition\234101064_digit_recognition.cpp(587): warning C4996: 'sprintf': This function or variable may be unsafe. Consider using sprintf_s instead. To disable deprecation, use _CRT_SECURE_NO_WARNINGS. See online help for details.
                 c:\program files (x86)\microsoft visual studio 10.0\vc\include\stdio.h(371) : see declaration of 'sprintf'
     1>c:\users\ss\documents\visual studio 2010\projects\234101064_digit_recognition\234101064_digit_recognition\234101064_digit_recognition.cpp(588): warning C4996: 'sprintf': This function or variable may be unsafe. Consider using sprintf_s instead. To disable deprecation, use _CRT_SECURE_NO_WARNINGS. See online help for details.
                 c:\program files (x86)\microsoft visual studio 10.0\vc\include\stdio.h(371) : see declaration of 'sprintf'
     1>c:\users\ss\documents\visual studio 2010\projects\234101064_digit_recognition\234101064_digit_recognition\234101064_digit_recognition.cpp(589): warning C4996: 'sprintf': This function or variable may be unsafe. Consider using sprintf_s instead. To disable deprecation, use _CRT_SECURE_NO_WARNINGS. See online help for details.
                 c:\program files (x86)\microsoft visual studio 10.0\vc\include\stdio.h(371) : see declaration of 'sprintf'
     1>c:\users\ss\documents\visual studio 2010\projects\234101064_digit_recognition\234101064_digit_recognition\234101064_digit_recognition.cpp(571): warning C4101: 'obs_file' : unreferenced local variable
     1>c:\users\ss\documents\visual studio 2010\projects\234101064_digit_recognition\234101064_digit_recognition\234101064_digit_recognition.cpp(617): warning C4996: 'fopen': This function or variable may be unsafe. Consider using fopen_s instead. To disable deprecation, use _CRT_SECURE_NO_WARNINGS. See online help for details.
                 c:\program files (x86)\microsoft visual studio 10.0\vc\include\stdio.h(234) : see declaration of 'fopen'
     1>c:\users\ss\documents\visual studio 2010\projects\234101064_digit_recognition\234101064_digit_recognition\234101064_digit_recognition.cpp(643): warning C4996: 'fopen': This function or variable may be unsafe. Consider using fopen_s instead. To disable deprecation, use _CRT_SECURE_NO_WARNINGS. See online help for details.
                 c:\program files (x86)\microsoft visual studio 10.0\vc\include\stdio.h(234) : see declaration of 'fopen'
     1>c:\users\ss\documents\visual studio 2010\projects\234101064_digit_recognition\234101064_digit_recognition\234101064_digit_recognition.cpp(644): warning C4101: 'j' : unreferenced local variable
     1>c:\users\ss\documents\visual studio 2010\projects\234101064_digit_recognition\234101064_digit_recognition\234101064_digit_recognition.cpp(657): warning C4996: 'sprintf': This function or variable may be unsafe. Consider using sprintf_s instead. To disable deprecation, use _CRT_SECURE_NO_WARNINGS. See online help for details.
                 c:\program files (x86)\microsoft visual studio 10.0\vc\include\stdio.h(371) : see declaration of 'sprintf'
     1>c:\users\ss\documents\visual studio 2010\projects\234101064_digit_recognition\234101064_digit_recognition\234101064_digit_recognition.cpp(660): warning C4996: 'sprintf': This function or variable may be unsafe. Consider using sprintf_s instead. To disable deprecation, use _CRT_SECURE_NO_WARNINGS. See online help for details.
                 c:\program files (x86)\microsoft visual studio 10.0\vc\include\stdio.h(371) : see declaration of 'sprintf'
     1>c:\users\ss\documents\visual studio 2010\projects\234101064_digit_recognition\234101064_digit_recognition\234101064_digit_recognition.cpp(663): warning C4996: 'sprintf': This function or variable may be unsafe. Consider using sprintf_s instead. To disable deprecation, use _CRT_SECURE_NO_WARNINGS. See online help for details.
                 c:\program files (x86)\microsoft visual studio 10.0\vc\include\stdio.h(371) : see declaration of 'sprintf'
     1>c:\users\ss\documents\visual studio 2010\projects\234101064_digit_recognition\234101064_digit_recognition\234101064_digit_recognition.cpp(654): warning C4101: 'index' : unreferenced local variable
     1>c:\users\ss\documents\visual studio 2010\projects\234101064_digit_recognition\234101064_digit_recognition\234101064_digit_recognition.cpp(692): warning C4996: 'sprintf': This function or variable may be unsafe. Consider using sprintf_s instead. To disable deprecation, use _CRT_SECURE_NO_WARNINGS. See online help for details.
                 c:\program files (x86)\microsoft visual studio 10.0\vc\include\stdio.h(371) : see declaration of 'sprintf'
     1>c:\users\ss\documents\visual studio 2010\projects\234101064_digit_recognition\234101064_digit_recognition\234101064_digit_recognition.cpp(693): warning C4996: 'fopen': This function or variable may be unsafe. Consider using fopen_s instead. To disable deprecation, use _CRT_SECURE_NO_WARNINGS. See online help for details.
                 c:\program files (x86)\microsoft visual studio 10.0\vc\include\stdio.h(234) : see declaration of 'fopen'
     1>c:\users\ss\documents\visual studio 2010\projects\234101064_digit_recognition\234101064_digit_recognition\234101064_digit_recognition.cpp(703): warning C4996: 'sprintf': This function or variable may be unsafe. Consider using sprintf_s instead. To disable deprecation, use _CRT_SECURE_NO_WARNINGS. See online help for details.
                 c:\program files (x86)\microsoft visual studio 10.0\vc\include\stdio.h(371) : see declaration of 'sprintf'
     1>c:\users\ss\documents\visual studio 2010\projects\234101064_digit_recognition\234101064_digit_recognition\234101064_digit_recognition.cpp(715): warning C4996: 'sprintf': This function or variable may be unsafe. Consider using sprintf_s instead. To disable deprecation, use _CRT_SECURE_NO_WARNINGS. See online help for details.
                 c:\program files (x86)\microsoft visual studio 10.0\vc\include\stdio.h(371) : see declaration of 'sprintf'
     1>c:\users\ss\documents\visual studio 2010\projects\234101064_digit_recognition\234101064_digit_recognition\234101064_digit_recognition.cpp(716): warning C4996: 'fopen': This function or variable may be unsafe. Consider using fopen_s instead. To disable deprecation, use _CRT_SECURE_NO_WARNINGS. See online help for details.
                 c:\program files (x86)\microsoft visual studio 10.0\vc\include\stdio.h(234) : see declaration of 'fopen'
     1>c:\users\ss\documents\visual studio 2010\projects\234101064_digit_recognition\234101064_digit_recognition\234101064_digit_recognition.cpp(690): warning C4101: 'ind' : unreferenced local variable
     1>c:\users\ss\documents\visual studio 2010\projects\234101064_digit_recognition\234101064_digit_recognition\234101064_digit_recognition.cpp(734): warning C4996: 'fopen': This function or variable may be unsafe. Consider using fopen_s instead. To disable deprecation, use _CRT_SECURE_NO_WARNINGS. See online help for details.
                 c:\program files (x86)\microsoft visual studio 10.0\vc\include\stdio.h(234) : see declaration of 'fopen'
     1>c:\users\ss\documents\visual studio 2010\projects\234101064_digit_recognition\234101064_digit_recognition\234101064_digit_recognition.cpp(736): warning C4996: 'fopen': This function or variable may be unsafe. Consider using fopen_s instead. To disable deprecation, use _CRT_SECURE_NO_WARNINGS. See online help for details.
                 c:\program files (x86)\microsoft visual studio 10.0\vc\include\stdio.h(234) : see declaration of 'fopen'
     1>c:\users\ss\documents\visual studio 2010\projects\234101064_digit_recognition\234101064_digit_recognition\234101064_digit_recognition.cpp(775): warning C4996: 'fopen': This function or variable may be unsafe. Consider using fopen_s instead. To disable deprecation, use _CRT_SECURE_NO_WARNINGS. See online help for details.
                 c:\program files (x86)\microsoft visual studio 10.0\vc\include\stdio.h(234) : see declaration of 'fopen'
     1>c:\users\ss\documents\visual studio 2010\projects\234101064_digit_recognition\234101064_digit_recognition\234101064_digit_recognition.cpp(1013): warning C4996: 'sprintf': This function or variable may be unsafe. Consider using sprintf_s instead. To disable deprecation, use _CRT_SECURE_NO_WARNINGS. See online help for details.
                 c:\program files (x86)\microsoft visual studio 10.0\vc\include\stdio.h(371) : see declaration of 'sprintf'
     1>c:\users\ss\documents\visual studio 2010\projects\234101064_digit_recognition\234101064_digit_recognition\234101064_digit_recognition.cpp(1028): warning C4172: returning address of local variable or temporary
     1>c:\users\ss\documents\visual studio 2010\projects\234101064_digit_recognition\234101064_digit_recognition\234101064_digit_recognition.cpp(967): warning C4101: 'arr_energy' : unreferenced local variable
     1>c:\users\ss\documents\visual studio 2010\projects\234101064_digit_recognition\234101064_digit_recognition\234101064_digit_recognition.cpp(1034): warning C4996: 'fopen': This function or variable may be unsafe. Consider using fopen_s instead. To disable deprecation, use _CRT_SECURE_NO_WARNINGS. See online help for details.
                 c:\program files (x86)\microsoft visual studio 10.0\vc\include\stdio.h(234) : see declaration of 'fopen'
     1>c:\users\ss\documents\visual studio 2010\projects\234101064_digit_recognition\234101064_digit_recognition\234101064_digit_recognition.cpp(1083): warning C4996: 'fopen': This function or variable may be unsafe. Consider using fopen_s instead. To disable deprecation, use _CRT_SECURE_NO_WARNINGS. See online help for details.
                 c:\program files (x86)\microsoft visual studio 10.0\vc\include\stdio.h(234) : see declaration of 'fopen'
     1>c:\users\ss\documents\visual studio 2010\projects\234101064_digit_recognition\234101064_digit_recognition\234101064_digit_recognition.cpp(1100): warning C4244: 'initializing' : conversion from 'double' to 'int', possible loss of data
     1>c:\users\ss\documents\visual studio 2010\projects\234101064_digit_recognition\234101064_digit_recognition\234101064_digit_recognition.cpp(1103): warning C4244: '=' : conversion from 'double' to 'long', possible loss of data
     1>c:\users\ss\documents\visual studio 2010\projects\234101064_digit_recognition\234101064_digit_recognition\234101064_digit_recognition.cpp(1109): warning C4996: 'sprintf': This function or variable may be unsafe. Consider using sprintf_s instead. To disable deprecation, use _CRT_SECURE_NO_WARNINGS. See online help for details.
                 c:\program files (x86)\microsoft visual studio 10.0\vc\include\stdio.h(371) : see declaration of 'sprintf'
     1>c:\users\ss\documents\visual studio 2010\projects\234101064_digit_recognition\234101064_digit_recognition\234101064_digit_recognition.cpp(1128): warning C4996: 'sprintf': This function or variable may be unsafe. Consider using sprintf_s instead. To disable deprecation, use _CRT_SECURE_NO_WARNINGS. See online help for details.
                 c:\program files (x86)\microsoft visual studio 10.0\vc\include\stdio.h(371) : see declaration of 'sprintf'
     1>c:\users\ss\documents\visual studio 2010\projects\234101064_digit_recognition\234101064_digit_recognition\234101064_digit_recognition.cpp(1130): warning C4996: 'sprintf': This function or variable may be unsafe. Consider using sprintf_s instead. To disable deprecation, use _CRT_SECURE_NO_WARNINGS. See online help for details.
                 c:\program files (x86)\microsoft visual studio 10.0\vc\include\stdio.h(371) : see declaration of 'sprintf'
     1>c:\users\ss\documents\visual studio 2010\projects\234101064_digit_recognition\234101064_digit_recognition\234101064_digit_recognition.cpp(1132): warning C4996: 'sprintf': This function or variable may be unsafe. Consider using sprintf_s instead. To disable deprecation, use _CRT_SECURE_NO_WARNINGS. See online help for details.
                 c:\program files (x86)\microsoft visual studio 10.0\vc\include\stdio.h(371) : see declaration of 'sprintf'
     1>c:\users\ss\documents\visual studio 2010\projects\234101064_digit_recognition\234101064_digit_recognition\234101064_digit_recognition.cpp(1144): warning C4996: 'sprintf': This function or variable may be unsafe. Consider using sprintf_s instead. To disable deprecation, use _CRT_SECURE_NO_WARNINGS. See online help for details.
                 c:\program files (x86)\microsoft visual studio 10.0\vc\include\stdio.h(371) : see declaration of 'sprintf'
     1>c:\users\ss\documents\visual studio 2010\projects\234101064_digit_recognition\234101064_digit_recognition\234101064_digit_recognition.cpp(1145): warning C4996: 'fopen': This function or variable may be unsafe. Consider using fopen_s instead. To disable deprecation, use _CRT_SECURE_NO_WARNINGS. See online help for details.
                 c:\program files (x86)\microsoft visual studio 10.0\vc\include\stdio.h(234) : see declaration of 'fopen'
     1>c:\users\ss\documents\visual studio 2010\projects\234101064_digit_recognition\234101064_digit_recognition\234101064_digit_recognition.cpp(1148): warning C4996: 'sprintf': This function or variable may be unsafe. Consider using sprintf_s instead. To disable deprecation, use _CRT_SECURE_NO_WARNINGS. See online help for details.
                 c:\program files (x86)\microsoft visual studio 10.0\vc\include\stdio.h(371) : see declaration of 'sprintf'
     1>c:\users\ss\documents\visual studio 2010\projects\234101064_digit_recognition\234101064_digit_recognition\234101064_digit_recognition.cpp(1150): warning C4996: 'fopen': This function or variable may be unsafe. Consider using fopen_s instead. To disable deprecation, use _CRT_SECURE_NO_WARNINGS. See online help for details.
                 c:\program files (x86)\microsoft visual studio 10.0\vc\include\stdio.h(234) : see declaration of 'fopen'
     1>c:\users\ss\documents\visual studio 2010\projects\234101064_digit_recognition\234101064_digit_recognition\234101064_digit_recognition.cpp(1167): warning C4244: 'initializing' : conversion from 'double' to 'int', possible loss of data
     1>c:\users\ss\documents\visual studio 2010\projects\234101064_digit_recognition\234101064_digit_recognition\234101064_digit_recognition.cpp(1170): warning C4244: '=' : conversion from 'double' to 'long', possible loss of data
     1>c:\users\ss\documents\visual studio 2010\projects\234101064_digit_recognition\234101064_digit_recognition\234101064_digit_recognition.cpp(1192): warning C4996: 'sprintf': This function or variable may be unsafe. Consider using sprintf_s instead. To disable deprecation, use _CRT_SECURE_NO_WARNINGS. See online help for details.
                 c:\program files (x86)\microsoft visual studio 10.0\vc\include\stdio.h(371) : see declaration of 'sprintf'
     1>c:\users\ss\documents\visual studio 2010\projects\234101064_digit_recognition\234101064_digit_recognition\234101064_digit_recognition.cpp(1193): warning C4996: 'fopen': This function or variable may be unsafe. Consider using fopen_s instead. To disable deprecation, use _CRT_SECURE_NO_WARNINGS. See online help for details.
                 c:\program files (x86)\microsoft visual studio 10.0\vc\include\stdio.h(234) : see declaration of 'fopen'
     1>c:\users\ss\documents\visual studio 2010\projects\234101064_digit_recognition\234101064_digit_recognition\234101064_digit_recognition.cpp(1200): warning C4996: 'sprintf': This function or variable may be unsafe. Consider using sprintf_s instead. To disable deprecation, use _CRT_SECURE_NO_WARNINGS. See online help for details.
                 c:\program files (x86)\microsoft visual studio 10.0\vc\include\stdio.h(371) : see declaration of 'sprintf'
     1>c:\users\ss\documents\visual studio 2010\projects\234101064_digit_recognition\234101064_digit_recognition\234101064_digit_recognition.cpp(1202): warning C4996: 'fopen': This function or variable may be unsafe. Consider using fopen_s instead. To disable deprecation, use _CRT_SECURE_NO_WARNINGS. See online help for details.
                 c:\program files (x86)\microsoft visual studio 10.0\vc\include\stdio.h(234) : see declaration of 'fopen'
     1>c:\users\ss\documents\visual studio 2010\projects\234101064_digit_recognition\234101064_digit_recognition\234101064_digit_recognition.cpp(1222): warning C4244: 'initializing' : conversion from 'double' to 'int', possible loss of data
     1>c:\users\ss\documents\visual studio 2010\projects\234101064_digit_recognition\234101064_digit_recognition\234101064_digit_recognition.cpp(1225): warning C4244: '=' : conversion from 'double' to 'long', possible loss of data
     1>c:\users\ss\documents\visual studio 2010\projects\234101064_digit_recognition\234101064_digit_recognition\234101064_digit_recognition.cpp(1232): warning C4996: 'sprintf': This function or variable may be unsafe. Consider using sprintf_s instead. To disable deprecation, use _CRT_SECURE_NO_WARNINGS. See online help for details.
                 c:\program files (x86)\microsoft visual studio 10.0\vc\include\stdio.h(371) : see declaration of 'sprintf'
     1>c:\users\ss\documents\visual studio 2010\projects\234101064_digit_recognition\234101064_digit_recognition\234101064_digit_recognition.cpp(1184): warning C4101: 'com_dump' : unreferenced local variable
     1>c:\users\ss\documents\visual studio 2010\projects\234101064_digit_recognition\234101064_digit_recognition\234101064_digit_recognition.cpp(1186): warning C4101: 'digit_dump' : unreferenced local variable
     1>c:\users\ss\documents\visual studio 2010\projects\234101064_digit_recognition\234101064_digit_recognition\234101064_digit_recognition.cpp(1335): warning C4996: 'fopen': This function or variable may be unsafe. Consider using fopen_s instead. To disable deprecation, use _CRT_SECURE_NO_WARNINGS. See online help for details.
                 c:\program files (x86)\microsoft visual studio 10.0\vc\include\stdio.h(234) : see declaration of 'fopen'
     1>c:\users\ss\documents\visual studio 2010\projects\234101064_digit_recognition\234101064_digit_recognition\234101064_digit_recognition.cpp(1351): warning C4244: 'initializing' : conversion from 'double' to 'int', possible loss of data
     1>c:\users\ss\documents\visual studio 2010\projects\234101064_digit_recognition\234101064_digit_recognition\234101064_digit_recognition.cpp(1354): warning C4244: '=' : conversion from 'double' to 'long', possible loss of data
     1>c:\users\ss\documents\visual studio 2010\projects\234101064_digit_recognition\234101064_digit_recognition\234101064_digit_recognition.cpp(1328): warning C4101: 'obs_file' : unreferenced local variable
     1>c:\users\ss\documents\visual studio 2010\projects\234101064_digit_recognition\234101064_digit_recognition\234101064_digit_recognition.cpp(1424): warning C4996: 'sprintf': This function or variable may be unsafe. Consider using sprintf_s instead. To disable deprecation, use _CRT_SECURE_NO_WARNINGS. See online help for details.
                 c:\program files (x86)\microsoft visual studio 10.0\vc\include\stdio.h(371) : see declaration of 'sprintf'
     1>c:\users\ss\documents\visual studio 2010\projects\234101064_digit_recognition\234101064_digit_recognition\234101064_digit_recognition.cpp(1426): warning C4996: 'fopen': This function or variable may be unsafe. Consider using fopen_s instead. To disable deprecation, use _CRT_SECURE_NO_WARNINGS. See online help for details.
                 c:\program files (x86)\microsoft visual studio 10.0\vc\include\stdio.h(234) : see declaration of 'fopen'
     1>c:\users\ss\documents\visual studio 2010\projects\234101064_digit_recognition\234101064_digit_recognition\234101064_digit_recognition.cpp(1443): warning C4244: 'initializing' : conversion from 'double' to 'int', possible loss of data
     1>c:\users\ss\documents\visual studio 2010\projects\234101064_digit_recognition\234101064_digit_recognition\234101064_digit_recognition.cpp(1446): warning C4244: '=' : conversion from 'double' to 'long', possible loss of data
     1>c:\users\ss\documents\visual studio 2010\projects\234101064_digit_recognition\234101064_digit_recognition\234101064_digit_recognition.cpp(1452): warning C4996: 'sprintf': This function or variable may be unsafe. Consider using sprintf_s instead. To disable deprecation, use _CRT_SECURE_NO_WARNINGS. See online help for details.
                 c:\program files (x86)\microsoft visual studio 10.0\vc\include\stdio.h(371) : see declaration of 'sprintf'
     1>c:\users\ss\documents\visual studio 2010\projects\234101064_digit_recognition\234101064_digit_recognition\234101064_digit_recognition.cpp(1545): warning C4996: 'sprintf': This function or variable may be unsafe. Consider using sprintf_s instead. To disable deprecation, use _CRT_SECURE_NO_WARNINGS. See online help for details.
                 c:\program files (x86)\microsoft visual studio 10.0\vc\include\stdio.h(371) : see declaration of 'sprintf'
     1>c:\users\ss\documents\visual studio 2010\projects\234101064_digit_recognition\234101064_digit_recognition\234101064_digit_recognition.cpp(1546): warning C4996: 'fopen': This function or variable may be unsafe. Consider using fopen_s instead. To disable deprecation, use _CRT_SECURE_NO_WARNINGS. See online help for details.
                 c:\program files (x86)\microsoft visual studio 10.0\vc\include\stdio.h(234) : see declaration of 'fopen'
     1>c:\users\ss\documents\visual studio 2010\projects\234101064_digit_recognition\234101064_digit_recognition\234101064_digit_recognition.cpp(1551): warning C4996: 'sprintf': This function or variable may be unsafe. Consider using sprintf_s instead. To disable deprecation, use _CRT_SECURE_NO_WARNINGS. See online help for details.
                 c:\program files (x86)\microsoft visual studio 10.0\vc\include\stdio.h(371) : see declaration of 'sprintf'
     1>c:\users\ss\documents\visual studio 2010\projects\234101064_digit_recognition\234101064_digit_recognition\234101064_digit_recognition.cpp(1554): warning C4996: 'fopen': This function or variable may be unsafe. Consider using fopen_s instead. To disable deprecation, use _CRT_SECURE_NO_WARNINGS. See online help for details.
                 c:\program files (x86)\microsoft visual studio 10.0\vc\include\stdio.h(234) : see declaration of 'fopen'
     1>c:\users\ss\documents\visual studio 2010\projects\234101064_digit_recognition\234101064_digit_recognition\234101064_digit_recognition.cpp(1572): warning C4244: 'initializing' : conversion from 'double' to 'int', possible loss of data
     1>c:\users\ss\documents\visual studio 2010\projects\234101064_digit_recognition\234101064_digit_recognition\234101064_digit_recognition.cpp(1574): warning C4244: '=' : conversion from 'double' to 'long', possible loss of data
     1>c:\users\ss\documents\visual studio 2010\projects\234101064_digit_recognition\234101064_digit_recognition\234101064_digit_recognition.cpp(1617): warning C4996: 'sprintf': This function or variable may be unsafe. Consider using sprintf_s instead. To disable deprecation, use _CRT_SECURE_NO_WARNINGS. See online help for details.
                 c:\program files (x86)\microsoft visual studio 10.0\vc\include\stdio.h(371) : see declaration of 'sprintf'
     1>c:\users\ss\documents\visual studio 2010\projects\234101064_digit_recognition\234101064_digit_recognition\234101064_digit_recognition.cpp(1618): warning C4996: 'fopen': This function or variable may be unsafe. Consider using fopen_s instead. To disable deprecation, use _CRT_SECURE_NO_WARNINGS. See online help for details.
                 c:\program files (x86)\microsoft visual studio 10.0\vc\include\stdio.h(234) : see declaration of 'fopen'
       ManifestResourceCompile:
         All outputs are up-to-date.
       Link:
         C:\Program Files (x86)\Microsoft Visual Studio 10.0\VC\bin\link.exe /ERRORREPORT:PROMPT /OUT:"c:\users\ss\documents\visual studio 2010\Projects\234101064_digit_recognition\Debug\234101064_digit_recognition.exe" /INCREMENTAL /NOLOGO kernel32.lib user32.lib gdi32.lib winspool.lib comdlg32.lib advapi32.lib shell32.lib ole32.lib oleaut32.lib uuid.lib odbc32.lib odbccp32.lib /MANIFEST /ManifestFile:"Debug\234101064_digit_recognition.exe.intermediate.manifest" /MANIFESTUAC:"level='asInvoker' uiAccess='false'" /DEBUG /PDB:"c:\users\ss\documents\visual studio 2010\Projects\234101064_digit_recognition\Debug\234101064_digit_recognition.pdb" /SUBSYSTEM:CONSOLE /TLBID:1 /DYNAMICBASE /NXCOMPAT /IMPLIB:"c:\users\ss\documents\visual studio 2010\Projects\234101064_digit_recognition\Debug\234101064_digit_recognition.lib" /MACHINE:X86 Debug\234101064_digit_recognition.exe.embed.manifest.res
         Debug\234101064_digit_recognition.obj
         Debug\stdafx.obj
       Manifest:
         C:\Program Files (x86)\Microsoft SDKs\Windows\v7.0A\bin\mt.exe /nologo /verbose /out:"Debug\234101064_digit_recognition.exe.embed.manifest" /manifest Debug\234101064_digit_recognition.exe.intermediate.manifest
         All outputs are up-to-date.
       LinkEmbedManifest:
         All outputs are up-to-date.
         234101064_digit_recognition.vcxproj -> c:\users\ss\documents\visual studio 2010\Projects\234101064_digit_recognition\Debug\234101064_digit_recognition.exe
       FinalizeBuildStatus:
         Deleting file "Debug\234101064_digit_recognition.unsuccessfulbuild".
         Touching "Debug\234101064_digit_recognition.lastbuildstate".
     1>Done Building Project "c:\Users\ss\documents\visual studio 2010\Projects\234101064_digit_recognition\234101064_digit_recognition\234101064_digit_recognition.vcxproj" (build target(s)).

Build succeeded.

Time Elapsed 00:00:02.10
